<?xml version="1.0" encoding="UTF-8"?>
<!-- Generated by org.testng.reporters.JUnitReportReporter -->
<testsuite hostname="LAPTOP-SK1OSAKQ" failures="0" tests="1" name="runner.Runner" time="26.717" errors="0" timestamp="2023-12-13T12:22:40 IST" skipped="0">
  <testcase classname="runner.Runner" name="runScenario" time="26.717"/>
  <system-out/>
</testsuite> <!-- runner.Runner -->
